<?xml version="1.0" encoding="UTF-8"?>
<Site BuildName="(empty)"
	BuildStamp="20230725-0642-Experimental"
	Name="martin-desktop"
	Generator="ctest-3.16.3"
	CompilerName="/usr/bin/c++"
	CompilerVersion="9.4.0"
	OSName="Linux"
	Hostname="martin-desktop"
	OSRelease="5.15.0-76-generic"
	OSVersion="#83~20.04.1-Ubuntu SMP Wed Jun 21 20:23:31 UTC 2023"
	OSPlatform="x86_64"
	Is64Bits="1"
	VendorString="GenuineIntel"
	VendorID="Intel Corporation"
	FamilyID="6"
	ModelID="94"
	ProcessorCacheSize="6144"
	NumberOfLogicalCPU="4"
	NumberOfPhysicalCPU="4"
	TotalVirtualMemory="2047"
	TotalPhysicalMemory="19878"
	LogicalProcessorsPerPhysical="1"
	ProcessorClockFrequency="3613.96"
	>
	<Testing>
		<StartDateTime>Jul 25 08:42 CEST</StartDateTime>
		<StartTestTime>1690267335</StartTestTime>
		<TestList/>
		<EndDateTime>Jul 25 08:42 CEST</EndDateTime>
		<EndTestTime>1690267335</EndTestTime>
		<ElapsedMinutes>0</ElapsedMinutes>
	</Testing>
</Site>
